<?xml version="1.0" encoding="UTF-8"?>
<coverage generated="1595967721450" clover="3.2.0">
  <project timestamp="1595967721450" name="All files">
    <metrics statements="160" coveredstatements="157" conditionals="50" coveredconditionals="39" methods="51" coveredmethods="49" elements="261" coveredelements="245" complexity="0" loc="160" ncloc="160" packages="6" files="14" classes="14"/>
    <package name="src">
      <metrics statements="2" coveredstatements="2" conditionals="0" coveredconditionals="0" methods="0" coveredmethods="0"/>
      <file name="config.js" path="/Users/ashleyhopkins/CODE/ASH/PLT/shoppingBasket/src/config.js">
        <metrics statements="2" coveredstatements="2" conditionals="0" coveredconditionals="0" methods="0" coveredmethods="0"/>
        <line num="1" count="2" type="stmt"/>
        <line num="2" count="2" type="stmt"/>
      </file>
    </package>
    <package name="src.app">
      <metrics statements="5" coveredstatements="5" conditionals="0" coveredconditionals="0" methods="1" coveredmethods="1"/>
      <file name="App.tsx" path="/Users/ashleyhopkins/CODE/ASH/PLT/shoppingBasket/src/app/App.tsx">
        <metrics statements="5" coveredstatements="5" conditionals="0" coveredconditionals="0" methods="1" coveredmethods="1"/>
        <line num="11" count="1" type="stmt"/>
        <line num="12" count="1" type="stmt"/>
        <line num="14" count="1" type="stmt"/>
        <line num="15" count="1" type="stmt"/>
        <line num="18" count="1" type="stmt"/>
      </file>
    </package>
    <package name="src.components">
      <metrics statements="81" coveredstatements="81" conditionals="32" coveredconditionals="24" methods="24" coveredmethods="24"/>
      <file name="AddRemoveButtons.tsx" path="/Users/ashleyhopkins/CODE/ASH/PLT/shoppingBasket/src/components/AddRemoveButtons.tsx">
        <metrics statements="9" coveredstatements="9" conditionals="0" coveredconditionals="0" methods="1" coveredmethods="1"/>
        <line num="1" count="11" type="stmt"/>
        <line num="2" count="11" type="stmt"/>
        <line num="3" count="11" type="stmt"/>
        <line num="12" count="11" type="stmt"/>
        <line num="13" count="1" type="stmt"/>
        <line num="14" count="1" type="stmt"/>
        <line num="15" count="1" type="stmt"/>
        <line num="27" count="11" type="stmt"/>
        <line num="41" count="11" type="stmt"/>
      </file>
      <file name="Icon.tsx" path="/Users/ashleyhopkins/CODE/ASH/PLT/shoppingBasket/src/components/Icon.tsx">
        <metrics statements="9" coveredstatements="9" conditionals="0" coveredconditionals="0" methods="1" coveredmethods="1"/>
        <line num="1" count="11" type="stmt"/>
        <line num="2" count="11" type="stmt"/>
        <line num="3" count="11" type="stmt"/>
        <line num="10" count="11" type="stmt"/>
        <line num="11" count="1" type="stmt"/>
        <line num="12" count="1" type="stmt"/>
        <line num="13" count="1" type="stmt"/>
        <line num="20" count="11" type="stmt"/>
        <line num="34" count="11" type="stmt"/>
      </file>
      <file name="Picker.tsx" path="/Users/ashleyhopkins/CODE/ASH/PLT/shoppingBasket/src/components/Picker.tsx">
        <metrics statements="10" coveredstatements="10" conditionals="0" coveredconditionals="0" methods="1" coveredmethods="1"/>
        <line num="1" count="11" type="stmt"/>
        <line num="2" count="11" type="stmt"/>
        <line num="3" count="11" type="stmt"/>
        <line num="5" count="11" type="stmt"/>
        <line num="12" count="11" type="stmt"/>
        <line num="13" count="1" type="stmt"/>
        <line num="20" count="1" type="stmt"/>
        <line num="21" count="1" type="stmt"/>
        <line num="42" count="11" type="stmt"/>
        <line num="63" count="11" type="stmt"/>
      </file>
      <file name="ProductCard.tsx" path="/Users/ashleyhopkins/CODE/ASH/PLT/shoppingBasket/src/components/ProductCard.tsx">
        <metrics statements="10" coveredstatements="10" conditionals="0" coveredconditionals="0" methods="1" coveredmethods="1"/>
        <line num="1" count="11" type="stmt"/>
        <line num="2" count="11" type="stmt"/>
        <line num="3" count="11" type="stmt"/>
        <line num="4" count="11" type="stmt"/>
        <line num="17" count="11" type="stmt"/>
        <line num="26" count="1" type="stmt"/>
        <line num="33" count="1" type="stmt"/>
        <line num="34" count="1" type="stmt"/>
        <line num="60" count="11" type="stmt"/>
        <line num="86" count="11" type="stmt"/>
      </file>
      <file name="Spinner.tsx" path="/Users/ashleyhopkins/CODE/ASH/PLT/shoppingBasket/src/components/Spinner.tsx">
        <metrics statements="8" coveredstatements="8" conditionals="0" coveredconditionals="0" methods="1" coveredmethods="1"/>
        <line num="1" count="11" type="stmt"/>
        <line num="2" count="11" type="stmt"/>
        <line num="3" count="11" type="stmt"/>
        <line num="5" count="11" type="stmt"/>
        <line num="6" count="1" type="stmt"/>
        <line num="7" count="1" type="stmt"/>
        <line num="14" count="11" type="stmt"/>
        <line num="21" count="11" type="stmt"/>
      </file>
      <file name="SquareButton.tsx" path="/Users/ashleyhopkins/CODE/ASH/PLT/shoppingBasket/src/components/SquareButton.tsx">
        <metrics statements="10" coveredstatements="10" conditionals="0" coveredconditionals="0" methods="1" coveredmethods="1"/>
        <line num="1" count="11" type="stmt"/>
        <line num="2" count="11" type="stmt"/>
        <line num="3" count="11" type="stmt"/>
        <line num="4" count="11" type="stmt"/>
        <line num="11" count="11" type="stmt"/>
        <line num="12" count="1" type="stmt"/>
        <line num="13" count="1" type="stmt"/>
        <line num="14" count="1" type="stmt"/>
        <line num="21" count="11" type="stmt"/>
        <line num="32" count="11" type="stmt"/>
      </file>
      <file name="TextButton.tsx" path="/Users/ashleyhopkins/CODE/ASH/PLT/shoppingBasket/src/components/TextButton.tsx">
        <metrics statements="8" coveredstatements="8" conditionals="0" coveredconditionals="0" methods="1" coveredmethods="1"/>
        <line num="1" count="11" type="stmt"/>
        <line num="2" count="11" type="stmt"/>
        <line num="9" count="11" type="stmt"/>
        <line num="10" count="1" type="stmt"/>
        <line num="11" count="1" type="stmt"/>
        <line num="12" count="1" type="stmt"/>
        <line num="19" count="11" type="stmt"/>
        <line num="25" count="11" type="stmt"/>
      </file>
      <file name="TotalAmount.tsx" path="/Users/ashleyhopkins/CODE/ASH/PLT/shoppingBasket/src/components/TotalAmount.tsx">
        <metrics statements="9" coveredstatements="9" conditionals="0" coveredconditionals="0" methods="1" coveredmethods="1"/>
        <line num="1" count="11" type="stmt"/>
        <line num="2" count="11" type="stmt"/>
        <line num="3" count="11" type="stmt"/>
        <line num="10" count="11" type="stmt"/>
        <line num="11" count="1" type="stmt"/>
        <line num="18" count="1" type="stmt"/>
        <line num="19" count="1" type="stmt"/>
        <line num="33" count="11" type="stmt"/>
        <line num="58" count="11" type="stmt"/>
      </file>
      <file name="index.js" path="/Users/ashleyhopkins/CODE/ASH/PLT/shoppingBasket/src/components/index.js">
        <metrics statements="8" coveredstatements="8" conditionals="32" coveredconditionals="24" methods="16" coveredmethods="16"/>
        <line num="1" count="11" type="cond" truecount="3" falsecount="1"/>
        <line num="2" count="11" type="cond" truecount="3" falsecount="1"/>
        <line num="3" count="40" type="cond" truecount="3" falsecount="1"/>
        <line num="4" count="146" type="cond" truecount="3" falsecount="1"/>
        <line num="5" count="27" type="cond" truecount="3" falsecount="1"/>
        <line num="6" count="11" type="cond" truecount="3" falsecount="1"/>
        <line num="7" count="11" type="cond" truecount="3" falsecount="1"/>
        <line num="8" count="40" type="cond" truecount="3" falsecount="1"/>
      </file>
    </package>
    <package name="src.screens">
      <metrics statements="34" coveredstatements="32" conditionals="10" coveredconditionals="7" methods="11" coveredmethods="10"/>
      <file name="Home.tsx" path="/Users/ashleyhopkins/CODE/ASH/PLT/shoppingBasket/src/screens/Home.tsx">
        <metrics statements="34" coveredstatements="32" conditionals="10" coveredconditionals="7" methods="11" coveredmethods="10"/>
        <line num="11" count="2" type="stmt"/>
        <line num="12" count="2" type="stmt"/>
        <line num="13" count="2" type="stmt"/>
        <line num="14" count="2" type="stmt"/>
        <line num="15" count="2" type="stmt"/>
        <line num="16" count="2" type="stmt"/>
        <line num="31" count="2" type="stmt"/>
        <line num="32" count="63" type="stmt"/>
        <line num="33" count="63" type="stmt"/>
        <line num="34" count="63" type="stmt"/>
        <line num="35" count="63" type="stmt"/>
        <line num="36" count="63" type="stmt"/>
        <line num="39" count="63" type="stmt"/>
        <line num="40" count="8" type="stmt"/>
        <line num="43" count="8" type="stmt"/>
        <line num="44" count="8" type="stmt"/>
        <line num="45" count="32" type="stmt"/>
        <line num="50" count="8" type="stmt"/>
        <line num="51" count="8" type="stmt"/>
        <line num="52" count="8" type="stmt"/>
        <line num="55" count="0" type="stmt"/>
        <line num="56" count="0" type="stmt"/>
        <line num="59" count="63" type="stmt"/>
        <line num="71" count="4" type="stmt"/>
        <line num="74" count="4" type="stmt"/>
        <line num="77" count="12" type="stmt"/>
        <line num="83" count="144" type="stmt"/>
        <line num="92" count="14" type="stmt"/>
        <line num="93" count="14" type="stmt"/>
        <line num="96" count="4" type="stmt"/>
        <line num="97" count="4" type="stmt"/>
        <line num="100" count="4" type="stmt"/>
        <line num="101" count="4" type="stmt"/>
        <line num="125" count="2" type="stmt"/>
      </file>
    </package>
    <package name="src.theme">
      <metrics statements="3" coveredstatements="3" conditionals="0" coveredconditionals="0" methods="0" coveredmethods="0"/>
      <file name="colors.js" path="/Users/ashleyhopkins/CODE/ASH/PLT/shoppingBasket/src/theme/colors.js">
        <metrics statements="3" coveredstatements="3" conditionals="0" coveredconditionals="0" methods="0" coveredmethods="0"/>
        <line num="1" count="11" type="stmt"/>
        <line num="2" count="11" type="stmt"/>
        <line num="3" count="11" type="stmt"/>
      </file>
    </package>
    <package name="src.utils">
      <metrics statements="35" coveredstatements="34" conditionals="8" coveredconditionals="8" methods="15" coveredmethods="14"/>
      <file name="index.tsx" path="/Users/ashleyhopkins/CODE/ASH/PLT/shoppingBasket/src/utils/index.tsx">
        <metrics statements="35" coveredstatements="34" conditionals="8" coveredconditionals="8" methods="15" coveredmethods="14"/>
        <line num="1" count="3" type="stmt"/>
        <line num="5" count="3" type="stmt"/>
        <line num="6" count="26" type="stmt"/>
        <line num="8" count="10" type="stmt"/>
        <line num="12" count="3" type="stmt"/>
        <line num="13" count="36" type="stmt"/>
        <line num="14" count="16" type="stmt"/>
        <line num="16" count="16" type="cond" truecount="2" falsecount="0"/>
        <line num="17" count="7" type="stmt"/>
        <line num="20" count="9" type="stmt"/>
        <line num="21" count="9" type="stmt"/>
        <line num="22" count="9" type="stmt"/>
        <line num="25" count="16" type="stmt"/>
        <line num="29" count="3" type="stmt"/>
        <line num="30" count="6" type="stmt"/>
        <line num="31" count="6" type="stmt"/>
        <line num="34" count="6" type="cond" truecount="4" falsecount="0"/>
        <line num="35" count="5" type="stmt"/>
        <line num="37" count="1" type="stmt"/>
        <line num="40" count="1" type="stmt"/>
        <line num="44" count="3" type="stmt"/>
        <line num="45" count="81" type="stmt"/>
        <line num="49" count="3" type="stmt"/>
        <line num="50" count="39" type="stmt"/>
        <line num="51" count="55" type="stmt"/>
        <line num="54" count="39" type="stmt"/>
        <line num="58" count="3" type="stmt"/>
        <line num="59" count="55" type="stmt"/>
        <line num="60" count="39" type="stmt"/>
        <line num="64" count="3" type="stmt"/>
        <line num="65" count="157" type="stmt"/>
        <line num="66" count="146" type="cond" truecount="2" falsecount="0"/>
        <line num="70" count="3" type="stmt"/>
        <line num="71" count="1" type="stmt"/>
        <line num="74" count="0" type="stmt"/>
      </file>
    </package>
  </project>
</coverage>
