{"/Users/ashleyhopkins/CODE/ASH/PLT/shoppingBasket/src/config.js": {"data":{"path":"/Users/ashleyhopkins/CODE/ASH/PLT/shoppingBasket/src/config.js","statementMap":{"0":{"start":{"line":1,"column":13},"end":{"line":1,"column":75}},"1":{"start":{"line":1,"column":75},"end":{"line":1,"column":105}},"2":{"start":{"line":2,"column":0},"end":{"line":2,"column":68}},"3":{"start":{"line":2,"column":69},"end":{"line":2,"column":105}}},"fnMap":{},"branchMap":{},"s":{"0":2,"1":2,"2":2,"3":2},"f":{},"b":{},"_coverageSchema":"43e27e138ebf9cfc5966b082cf9a028302ed4184","hash":"64189c87a0ad2b1b40d9b52babe44939c282ca19"}}
,"/Users/ashleyhopkins/CODE/ASH/PLT/shoppingBasket/src/app/App.tsx": {"path":"/Users/ashleyhopkins/CODE/ASH/PLT/shoppingBasket/src/app/App.tsx","statementMap":{"0":{"start":{"line":11,"column":0},"end":{"line":11,"column":26}},"1":{"start":{"line":12,"column":0},"end":{"line":12,"column":35}},"2":{"start":{"line":14,"column":12},"end":{"line":16,"column":1}},"3":{"start":{"line":15,"column":2},"end":{"line":15,"column":18}},"4":{"start":{"line":18,"column":0},"end":{"line":18,"column":19}}},"fnMap":{"0":{"name":"(anonymous_1)","decl":{"start":{"line":14,"column":12},"end":{"line":14,"column":15}},"loc":{"start":{"line":14,"column":17},"end":{"line":16,"column":1}}}},"branchMap":{},"s":{"0":1,"1":1,"2":1,"3":1,"4":1},"f":{"0":1},"b":{}}
,"/Users/ashleyhopkins/CODE/ASH/PLT/shoppingBasket/src/components/AddRemoveButtons.tsx": {"path":"/Users/ashleyhopkins/CODE/ASH/PLT/shoppingBasket/src/components/AddRemoveButtons.tsx","statementMap":{"0":{"start":{"line":1,"column":0},"end":{"line":1,"column":34}},"1":{"start":{"line":2,"column":0},"end":{"line":2,"column":54}},"2":{"start":{"line":3,"column":0},"end":{"line":3,"column":46}},"3":{"start":{"line":12,"column":36},"end":{"line":25,"column":1}},"4":{"start":{"line":13,"column":70},"end":{"line":13,"column":75}},"5":{"start":{"line":14,"column":54},"end":{"line":14,"column":60}},"6":{"start":{"line":15,"column":2},"end":{"line":24,"column":4}},"7":{"start":{"line":41,"column":9},"end":{"line":41,"column":25}},"8":{"start":{"line":27,"column":15},"end":{"line":39,"column":2}}},"fnMap":{"0":{"name":"(anonymous_1)","decl":{"start":{"line":12,"column":36},"end":{"line":12,"column":37}},"loc":{"start":{"line":12,"column":46},"end":{"line":25,"column":1}}}},"branchMap":{},"s":{"0":11,"1":11,"2":11,"3":11,"4":1,"5":1,"6":1,"7":11,"8":11},"f":{"0":1},"b":{}}
,"/Users/ashleyhopkins/CODE/ASH/PLT/shoppingBasket/src/components/Icon.tsx": {"path":"/Users/ashleyhopkins/CODE/ASH/PLT/shoppingBasket/src/components/Icon.tsx","statementMap":{"0":{"start":{"line":1,"column":0},"end":{"line":1,"column":34}},"1":{"start":{"line":2,"column":0},"end":{"line":2,"column":45}},"2":{"start":{"line":3,"column":0},"end":{"line":3,"column":48}},"3":{"start":{"line":10,"column":24},"end":{"line":18,"column":1}},"4":{"start":{"line":11,"column":26},"end":{"line":11,"column":31}},"5":{"start":{"line":12,"column":42},"end":{"line":12,"column":48}},"6":{"start":{"line":13,"column":2},"end":{"line":17,"column":4}},"7":{"start":{"line":34,"column":9},"end":{"line":34,"column":13}},"8":{"start":{"line":20,"column":15},"end":{"line":32,"column":2}}},"fnMap":{"0":{"name":"(anonymous_1)","decl":{"start":{"line":10,"column":24},"end":{"line":10,"column":25}},"loc":{"start":{"line":10,"column":34},"end":{"line":18,"column":1}}}},"branchMap":{},"s":{"0":11,"1":11,"2":11,"3":11,"4":1,"5":1,"6":1,"7":11,"8":11},"f":{"0":1},"b":{}}
,"/Users/ashleyhopkins/CODE/ASH/PLT/shoppingBasket/src/components/Picker.tsx": {"path":"/Users/ashleyhopkins/CODE/ASH/PLT/shoppingBasket/src/components/Picker.tsx","statementMap":{"0":{"start":{"line":1,"column":0},"end":{"line":1,"column":44}},"1":{"start":{"line":2,"column":0},"end":{"line":2,"column":48}},"2":{"start":{"line":3,"column":0},"end":{"line":3,"column":58}},"3":{"start":{"line":5,"column":0},"end":{"line":5,"column":44}},"4":{"start":{"line":12,"column":26},"end":{"line":40,"column":1}},"5":{"start":{"line":13,"column":41},"end":{"line":13,"column":46}},"6":{"start":{"line":20,"column":6},"end":{"line":20,"column":12}},"7":{"start":{"line":21,"column":2},"end":{"line":39,"column":4}},"8":{"start":{"line":63,"column":9},"end":{"line":63,"column":15}},"9":{"start":{"line":42,"column":15},"end":{"line":61,"column":2}}},"fnMap":{"0":{"name":"(anonymous_1)","decl":{"start":{"line":12,"column":26},"end":{"line":12,"column":27}},"loc":{"start":{"line":12,"column":36},"end":{"line":40,"column":1}}}},"branchMap":{},"s":{"0":11,"1":11,"2":11,"3":11,"4":11,"5":1,"6":1,"7":1,"8":11,"9":11},"f":{"0":1},"b":{}}
,"/Users/ashleyhopkins/CODE/ASH/PLT/shoppingBasket/src/components/ProductCard.tsx": {"path":"/Users/ashleyhopkins/CODE/ASH/PLT/shoppingBasket/src/components/ProductCard.tsx","statementMap":{"0":{"start":{"line":1,"column":0},"end":{"line":1,"column":34}},"1":{"start":{"line":2,"column":0},"end":{"line":2,"column":61}},"2":{"start":{"line":3,"column":0},"end":{"line":3,"column":38}},"3":{"start":{"line":4,"column":0},"end":{"line":4,"column":44}},"4":{"start":{"line":17,"column":31},"end":{"line":58,"column":1}},"5":{"start":{"line":26,"column":6},"end":{"line":26,"column":11}},"6":{"start":{"line":33,"column":6},"end":{"line":33,"column":12}},"7":{"start":{"line":34,"column":2},"end":{"line":57,"column":4}},"8":{"start":{"line":86,"column":9},"end":{"line":86,"column":20}},"9":{"start":{"line":60,"column":15},"end":{"line":84,"column":2}}},"fnMap":{"0":{"name":"(anonymous_1)","decl":{"start":{"line":17,"column":31},"end":{"line":17,"column":32}},"loc":{"start":{"line":17,"column":41},"end":{"line":58,"column":1}}}},"branchMap":{},"s":{"0":11,"1":11,"2":11,"3":11,"4":11,"5":1,"6":1,"7":1,"8":11,"9":11},"f":{"0":1},"b":{}}
,"/Users/ashleyhopkins/CODE/ASH/PLT/shoppingBasket/src/components/Spinner.tsx": {"path":"/Users/ashleyhopkins/CODE/ASH/PLT/shoppingBasket/src/components/Spinner.tsx","statementMap":{"0":{"start":{"line":1,"column":0},"end":{"line":1,"column":34}},"1":{"start":{"line":2,"column":0},"end":{"line":2,"column":51}},"2":{"start":{"line":3,"column":0},"end":{"line":3,"column":60}},"3":{"start":{"line":5,"column":20},"end":{"line":12,"column":1}},"4":{"start":{"line":6,"column":30},"end":{"line":6,"column":36}},"5":{"start":{"line":7,"column":2},"end":{"line":11,"column":4}},"6":{"start":{"line":21,"column":9},"end":{"line":21,"column":16}},"7":{"start":{"line":14,"column":15},"end":{"line":19,"column":2}}},"fnMap":{"0":{"name":"(anonymous_1)","decl":{"start":{"line":5,"column":20},"end":{"line":5,"column":23}},"loc":{"start":{"line":5,"column":25},"end":{"line":12,"column":1}}}},"branchMap":{},"s":{"0":11,"1":11,"2":11,"3":11,"4":1,"5":1,"6":11,"7":11},"f":{"0":1},"b":{}}
,"/Users/ashleyhopkins/CODE/ASH/PLT/shoppingBasket/src/components/SquareButton.tsx": {"path":"/Users/ashleyhopkins/CODE/ASH/PLT/shoppingBasket/src/components/SquareButton.tsx","statementMap":{"0":{"start":{"line":1,"column":0},"end":{"line":1,"column":34}},"1":{"start":{"line":2,"column":0},"end":{"line":2,"column":60}},"2":{"start":{"line":3,"column":0},"end":{"line":3,"column":26}},"3":{"start":{"line":4,"column":0},"end":{"line":4,"column":40}},"4":{"start":{"line":11,"column":32},"end":{"line":19,"column":1}},"5":{"start":{"line":12,"column":28},"end":{"line":12,"column":33}},"6":{"start":{"line":13,"column":42},"end":{"line":13,"column":48}},"7":{"start":{"line":14,"column":2},"end":{"line":18,"column":4}},"8":{"start":{"line":32,"column":9},"end":{"line":32,"column":21}},"9":{"start":{"line":21,"column":15},"end":{"line":30,"column":2}}},"fnMap":{"0":{"name":"(anonymous_1)","decl":{"start":{"line":11,"column":32},"end":{"line":11,"column":33}},"loc":{"start":{"line":11,"column":42},"end":{"line":19,"column":1}}}},"branchMap":{},"s":{"0":11,"1":11,"2":11,"3":11,"4":11,"5":1,"6":1,"7":1,"8":11,"9":11},"f":{"0":1},"b":{}}
,"/Users/ashleyhopkins/CODE/ASH/PLT/shoppingBasket/src/components/TextButton.tsx": {"path":"/Users/ashleyhopkins/CODE/ASH/PLT/shoppingBasket/src/components/TextButton.tsx","statementMap":{"0":{"start":{"line":1,"column":0},"end":{"line":1,"column":34}},"1":{"start":{"line":2,"column":0},"end":{"line":2,"column":66}},"2":{"start":{"line":9,"column":30},"end":{"line":17,"column":1}},"3":{"start":{"line":10,"column":28},"end":{"line":10,"column":33}},"4":{"start":{"line":11,"column":30},"end":{"line":11,"column":36}},"5":{"start":{"line":12,"column":2},"end":{"line":16,"column":4}},"6":{"start":{"line":25,"column":9},"end":{"line":25,"column":19}},"7":{"start":{"line":19,"column":15},"end":{"line":23,"column":2}}},"fnMap":{"0":{"name":"(anonymous_1)","decl":{"start":{"line":9,"column":30},"end":{"line":9,"column":31}},"loc":{"start":{"line":9,"column":40},"end":{"line":17,"column":1}}}},"branchMap":{},"s":{"0":11,"1":11,"2":11,"3":1,"4":1,"5":1,"6":11,"7":11},"f":{"0":1},"b":{}}
,"/Users/ashleyhopkins/CODE/ASH/PLT/shoppingBasket/src/components/TotalAmount.tsx": {"path":"/Users/ashleyhopkins/CODE/ASH/PLT/shoppingBasket/src/components/TotalAmount.tsx","statementMap":{"0":{"start":{"line":1,"column":0},"end":{"line":1,"column":34}},"1":{"start":{"line":2,"column":0},"end":{"line":2,"column":54}},"2":{"start":{"line":3,"column":0},"end":{"line":3,"column":51}},"3":{"start":{"line":10,"column":31},"end":{"line":31,"column":1}},"4":{"start":{"line":11,"column":42},"end":{"line":11,"column":47}},"5":{"start":{"line":18,"column":6},"end":{"line":18,"column":12}},"6":{"start":{"line":19,"column":2},"end":{"line":30,"column":4}},"7":{"start":{"line":58,"column":9},"end":{"line":58,"column":20}},"8":{"start":{"line":33,"column":15},"end":{"line":56,"column":2}}},"fnMap":{"0":{"name":"(anonymous_1)","decl":{"start":{"line":10,"column":31},"end":{"line":10,"column":32}},"loc":{"start":{"line":10,"column":41},"end":{"line":31,"column":1}}}},"branchMap":{},"s":{"0":11,"1":11,"2":11,"3":11,"4":1,"5":1,"6":1,"7":11,"8":11},"f":{"0":1},"b":{}}
,"/Users/ashleyhopkins/CODE/ASH/PLT/shoppingBasket/src/components/index.js": {"data":{"path":"/Users/ashleyhopkins/CODE/ASH/PLT/shoppingBasket/src/components/index.js","statementMap":{"0":{"start":{"line":1,"column":13},"end":{"line":1,"column":75}},"1":{"start":{"line":1,"column":99},"end":{"line":1,"column":128}},"2":{"start":{"line":1,"column":129},"end":{"line":1,"column":353}},"3":{"start":{"line":1,"column":184},"end":{"line":1,"column":238}},"4":{"start":{"line":1,"column":231},"end":{"line":1,"column":238}},"5":{"start":{"line":1,"column":238},"end":{"line":1,"column":350}},"6":{"start":{"line":1,"column":315},"end":{"line":1,"column":345}},"7":{"start":{"line":2,"column":12},"end":{"line":2,"column":29}},"8":{"start":{"line":2,"column":30},"end":{"line":2,"column":230}},"9":{"start":{"line":2,"column":73},"end":{"line":2,"column":127}},"10":{"start":{"line":2,"column":120},"end":{"line":2,"column":127}},"11":{"start":{"line":2,"column":127},"end":{"line":2,"column":227}},"12":{"start":{"line":2,"column":204},"end":{"line":2,"column":222}},"13":{"start":{"line":3,"column":14},"end":{"line":3,"column":33}},"14":{"start":{"line":3,"column":34},"end":{"line":3,"column":238}},"15":{"start":{"line":3,"column":79},"end":{"line":3,"column":133}},"16":{"start":{"line":3,"column":126},"end":{"line":3,"column":133}},"17":{"start":{"line":3,"column":133},"end":{"line":3,"column":235}},"18":{"start":{"line":3,"column":210},"end":{"line":3,"column":230}},"19":{"start":{"line":4,"column":19},"end":{"line":4,"column":43}},"20":{"start":{"line":4,"column":44},"end":{"line":4,"column":258}},"21":{"start":{"line":4,"column":94},"end":{"line":4,"column":148}},"22":{"start":{"line":4,"column":141},"end":{"line":4,"column":148}},"23":{"start":{"line":4,"column":148},"end":{"line":4,"column":255}},"24":{"start":{"line":4,"column":225},"end":{"line":4,"column":250}},"25":{"start":{"line":5,"column":15},"end":{"line":5,"column":35}},"26":{"start":{"line":5,"column":36},"end":{"line":5,"column":242}},"27":{"start":{"line":5,"column":82},"end":{"line":5,"column":136}},"28":{"start":{"line":5,"column":129},"end":{"line":5,"column":136}},"29":{"start":{"line":5,"column":136},"end":{"line":5,"column":239}},"30":{"start":{"line":5,"column":213},"end":{"line":5,"column":234}},"31":{"start":{"line":6,"column":20},"end":{"line":6,"column":45}},"32":{"start":{"line":6,"column":46},"end":{"line":6,"column":262}},"33":{"start":{"line":6,"column":97},"end":{"line":6,"column":151}},"34":{"start":{"line":6,"column":144},"end":{"line":6,"column":151}},"35":{"start":{"line":6,"column":151},"end":{"line":6,"column":259}},"36":{"start":{"line":6,"column":228},"end":{"line":6,"column":254}},"37":{"start":{"line":7,"column":18},"end":{"line":7,"column":41}},"38":{"start":{"line":7,"column":42},"end":{"line":7,"column":254}},"39":{"start":{"line":7,"column":91},"end":{"line":7,"column":145}},"40":{"start":{"line":7,"column":138},"end":{"line":7,"column":145}},"41":{"start":{"line":7,"column":145},"end":{"line":7,"column":251}},"42":{"start":{"line":7,"column":222},"end":{"line":7,"column":246}},"43":{"start":{"line":8,"column":19},"end":{"line":8,"column":43}},"44":{"start":{"line":8,"column":44},"end":{"line":8,"column":258}},"45":{"start":{"line":8,"column":94},"end":{"line":8,"column":148}},"46":{"start":{"line":8,"column":141},"end":{"line":8,"column":148}},"47":{"start":{"line":8,"column":148},"end":{"line":8,"column":255}},"48":{"start":{"line":8,"column":225},"end":{"line":8,"column":250}}},"fnMap":{"0":{"name":"(anonymous_0)","decl":{"start":{"line":1,"column":168},"end":{"line":1,"column":169}},"loc":{"start":{"line":1,"column":183},"end":{"line":1,"column":351}},"line":1},"1":{"name":"get","decl":{"start":{"line":1,"column":308},"end":{"line":1,"column":311}},"loc":{"start":{"line":1,"column":314},"end":{"line":1,"column":346}},"line":1},"2":{"name":"(anonymous_2)","decl":{"start":{"line":2,"column":57},"end":{"line":2,"column":58}},"loc":{"start":{"line":2,"column":72},"end":{"line":2,"column":228}},"line":2},"3":{"name":"get","decl":{"start":{"line":2,"column":197},"end":{"line":2,"column":200}},"loc":{"start":{"line":2,"column":203},"end":{"line":2,"column":223}},"line":2},"4":{"name":"(anonymous_4)","decl":{"start":{"line":3,"column":63},"end":{"line":3,"column":64}},"loc":{"start":{"line":3,"column":78},"end":{"line":3,"column":236}},"line":3},"5":{"name":"get","decl":{"start":{"line":3,"column":203},"end":{"line":3,"column":206}},"loc":{"start":{"line":3,"column":209},"end":{"line":3,"column":231}},"line":3},"6":{"name":"(anonymous_6)","decl":{"start":{"line":4,"column":78},"end":{"line":4,"column":79}},"loc":{"start":{"line":4,"column":93},"end":{"line":4,"column":256}},"line":4},"7":{"name":"get","decl":{"start":{"line":4,"column":218},"end":{"line":4,"column":221}},"loc":{"start":{"line":4,"column":224},"end":{"line":4,"column":251}},"line":4},"8":{"name":"(anonymous_8)","decl":{"start":{"line":5,"column":66},"end":{"line":5,"column":67}},"loc":{"start":{"line":5,"column":81},"end":{"line":5,"column":240}},"line":5},"9":{"name":"get","decl":{"start":{"line":5,"column":206},"end":{"line":5,"column":209}},"loc":{"start":{"line":5,"column":212},"end":{"line":5,"column":235}},"line":5},"10":{"name":"(anonymous_10)","decl":{"start":{"line":6,"column":81},"end":{"line":6,"column":82}},"loc":{"start":{"line":6,"column":96},"end":{"line":6,"column":260}},"line":6},"11":{"name":"get","decl":{"start":{"line":6,"column":221},"end":{"line":6,"column":224}},"loc":{"start":{"line":6,"column":227},"end":{"line":6,"column":255}},"line":6},"12":{"name":"(anonymous_12)","decl":{"start":{"line":7,"column":75},"end":{"line":7,"column":76}},"loc":{"start":{"line":7,"column":90},"end":{"line":7,"column":252}},"line":7},"13":{"name":"get","decl":{"start":{"line":7,"column":215},"end":{"line":7,"column":218}},"loc":{"start":{"line":7,"column":221},"end":{"line":7,"column":247}},"line":7},"14":{"name":"(anonymous_14)","decl":{"start":{"line":8,"column":78},"end":{"line":8,"column":79}},"loc":{"start":{"line":8,"column":93},"end":{"line":8,"column":256}},"line":8},"15":{"name":"get","decl":{"start":{"line":8,"column":218},"end":{"line":8,"column":221}},"loc":{"start":{"line":8,"column":224},"end":{"line":8,"column":251}},"line":8}},"branchMap":{"0":{"loc":{"start":{"line":1,"column":184},"end":{"line":1,"column":238}},"type":"if","locations":[{"start":{"line":1,"column":184},"end":{"line":1,"column":238}},{"start":{"line":1,"column":184},"end":{"line":1,"column":238}}],"line":1},"1":{"loc":{"start":{"line":1,"column":188},"end":{"line":1,"column":229}},"type":"binary-expr","locations":[{"start":{"line":1,"column":188},"end":{"line":1,"column":205}},{"start":{"line":1,"column":209},"end":{"line":1,"column":229}}],"line":1},"2":{"loc":{"start":{"line":2,"column":73},"end":{"line":2,"column":127}},"type":"if","locations":[{"start":{"line":2,"column":73},"end":{"line":2,"column":127}},{"start":{"line":2,"column":73},"end":{"line":2,"column":127}}],"line":2},"3":{"loc":{"start":{"line":2,"column":77},"end":{"line":2,"column":118}},"type":"binary-expr","locations":[{"start":{"line":2,"column":77},"end":{"line":2,"column":94}},{"start":{"line":2,"column":98},"end":{"line":2,"column":118}}],"line":2},"4":{"loc":{"start":{"line":3,"column":79},"end":{"line":3,"column":133}},"type":"if","locations":[{"start":{"line":3,"column":79},"end":{"line":3,"column":133}},{"start":{"line":3,"column":79},"end":{"line":3,"column":133}}],"line":3},"5":{"loc":{"start":{"line":3,"column":83},"end":{"line":3,"column":124}},"type":"binary-expr","locations":[{"start":{"line":3,"column":83},"end":{"line":3,"column":100}},{"start":{"line":3,"column":104},"end":{"line":3,"column":124}}],"line":3},"6":{"loc":{"start":{"line":4,"column":94},"end":{"line":4,"column":148}},"type":"if","locations":[{"start":{"line":4,"column":94},"end":{"line":4,"column":148}},{"start":{"line":4,"column":94},"end":{"line":4,"column":148}}],"line":4},"7":{"loc":{"start":{"line":4,"column":98},"end":{"line":4,"column":139}},"type":"binary-expr","locations":[{"start":{"line":4,"column":98},"end":{"line":4,"column":115}},{"start":{"line":4,"column":119},"end":{"line":4,"column":139}}],"line":4},"8":{"loc":{"start":{"line":5,"column":82},"end":{"line":5,"column":136}},"type":"if","locations":[{"start":{"line":5,"column":82},"end":{"line":5,"column":136}},{"start":{"line":5,"column":82},"end":{"line":5,"column":136}}],"line":5},"9":{"loc":{"start":{"line":5,"column":86},"end":{"line":5,"column":127}},"type":"binary-expr","locations":[{"start":{"line":5,"column":86},"end":{"line":5,"column":103}},{"start":{"line":5,"column":107},"end":{"line":5,"column":127}}],"line":5},"10":{"loc":{"start":{"line":6,"column":97},"end":{"line":6,"column":151}},"type":"if","locations":[{"start":{"line":6,"column":97},"end":{"line":6,"column":151}},{"start":{"line":6,"column":97},"end":{"line":6,"column":151}}],"line":6},"11":{"loc":{"start":{"line":6,"column":101},"end":{"line":6,"column":142}},"type":"binary-expr","locations":[{"start":{"line":6,"column":101},"end":{"line":6,"column":118}},{"start":{"line":6,"column":122},"end":{"line":6,"column":142}}],"line":6},"12":{"loc":{"start":{"line":7,"column":91},"end":{"line":7,"column":145}},"type":"if","locations":[{"start":{"line":7,"column":91},"end":{"line":7,"column":145}},{"start":{"line":7,"column":91},"end":{"line":7,"column":145}}],"line":7},"13":{"loc":{"start":{"line":7,"column":95},"end":{"line":7,"column":136}},"type":"binary-expr","locations":[{"start":{"line":7,"column":95},"end":{"line":7,"column":112}},{"start":{"line":7,"column":116},"end":{"line":7,"column":136}}],"line":7},"14":{"loc":{"start":{"line":8,"column":94},"end":{"line":8,"column":148}},"type":"if","locations":[{"start":{"line":8,"column":94},"end":{"line":8,"column":148}},{"start":{"line":8,"column":94},"end":{"line":8,"column":148}}],"line":8},"15":{"loc":{"start":{"line":8,"column":98},"end":{"line":8,"column":139}},"type":"binary-expr","locations":[{"start":{"line":8,"column":98},"end":{"line":8,"column":115}},{"start":{"line":8,"column":119},"end":{"line":8,"column":139}}],"line":8}},"s":{"0":11,"1":11,"2":11,"3":11,"4":0,"5":11,"6":3,"7":11,"8":11,"9":11,"10":0,"11":11,"12":3,"13":11,"14":11,"15":11,"16":0,"17":11,"18":40,"19":11,"20":11,"21":11,"22":0,"23":11,"24":146,"25":11,"26":11,"27":11,"28":0,"29":11,"30":27,"31":11,"32":11,"33":11,"34":0,"35":11,"36":4,"37":11,"38":11,"39":11,"40":0,"41":11,"42":3,"43":11,"44":11,"45":11,"46":0,"47":11,"48":40},"f":{"0":11,"1":3,"2":11,"3":3,"4":11,"5":40,"6":11,"7":146,"8":11,"9":27,"10":11,"11":4,"12":11,"13":3,"14":11,"15":40},"b":{"0":[0,11],"1":[11,11],"2":[0,11],"3":[11,11],"4":[0,11],"5":[11,11],"6":[0,11],"7":[11,11],"8":[0,11],"9":[11,11],"10":[0,11],"11":[11,11],"12":[0,11],"13":[11,11],"14":[0,11],"15":[11,11]},"_coverageSchema":"43e27e138ebf9cfc5966b082cf9a028302ed4184","hash":"777abd02654f32cbb8bbb5b12d5f5eb07e1cfb85"}}
,"/Users/ashleyhopkins/CODE/ASH/PLT/shoppingBasket/src/screens/Home.tsx": {"path":"/Users/ashleyhopkins/CODE/ASH/PLT/shoppingBasket/src/screens/Home.tsx","statementMap":{"0":{"start":{"line":11,"column":0},"end":{"line":11,"column":26}},"1":{"start":{"line":12,"column":0},"end":{"line":12,"column":55}},"2":{"start":{"line":13,"column":0},"end":{"line":13,"column":67}},"3":{"start":{"line":14,"column":0},"end":{"line":14,"column":41}},"4":{"start":{"line":15,"column":0},"end":{"line":15,"column":74}},"5":{"start":{"line":16,"column":0},"end":{"line":16,"column":null}},"6":{"start":{"line":31,"column":17},"end":{"line":123,"column":1}},"7":{"start":{"line":32,"column":32},"end":{"line":32,"column":55}},"8":{"start":{"line":33,"column":28},"end":{"line":33,"column":48}},"9":{"start":{"line":34,"column":44},"end":{"line":34,"column":64}},"10":{"start":{"line":35,"column":40},"end":{"line":35,"column":60}},"11":{"start":{"line":36,"column":38},"end":{"line":38,"column":4}},"12":{"start":{"line":39,"column":2},"end":{"line":58,"column":9}},"13":{"start":{"line":40,"column":4},"end":{"line":57,"column":9}},"14":{"start":{"line":43,"column":8},"end":{"line":43,"column":42}},"15":{"start":{"line":44,"column":25},"end":{"line":49,"column":10}},"16":{"start":{"line":45,"column":10},"end":{"line":48,"column":12}},"17":{"start":{"line":50,"column":8},"end":{"line":50,"column":27}},"18":{"start":{"line":51,"column":8},"end":{"line":51,"column":35}},"19":{"start":{"line":52,"column":8},"end":{"line":52,"column":26}},"20":{"start":{"line":55,"column":8},"end":{"line":55,"column":26}},"21":{"start":{"line":56,"column":8},"end":{"line":56,"column":16}},"22":{"start":{"line":59,"column":2},"end":{"line":122,"column":4}},"23":{"start":{"line":71,"column":16},"end":{"line":73,"column":19}},"24":{"start":{"line":74,"column":16},"end":{"line":78,"column":18}},"25":{"start":{"line":77,"column":42},"end":{"line":77,"column":74}},"26":{"start":{"line":83,"column":14},"end":{"line":104,"column":16}},"27":{"start":{"line":92,"column":37},"end":{"line":92,"column":65}},"28":{"start":{"line":93,"column":20},"end":{"line":93,"column":45}},"29":{"start":{"line":96,"column":37},"end":{"line":96,"column":65}},"30":{"start":{"line":97,"column":20},"end":{"line":97,"column":45}},"31":{"start":{"line":100,"column":37},"end":{"line":100,"column":69}},"32":{"start":{"line":101,"column":20},"end":{"line":101,"column":45}},"33":{"start":{"line":125,"column":0},"end":{"line":125,"column":20}}},"fnMap":{"0":{"name":"(anonymous_7)","decl":{"start":{"line":31,"column":17},"end":{"line":31,"column":20}},"loc":{"start":{"line":31,"column":22},"end":{"line":123,"column":1}}},"1":{"name":"(anonymous_8)","decl":{"start":{"line":39,"column":12},"end":{"line":39,"column":15}},"loc":{"start":{"line":39,"column":17},"end":{"line":58,"column":3}}},"2":{"name":"(anonymous_9)","decl":{"start":{"line":42,"column":12},"end":{"line":42,"column":13}},"loc":{"start":{"line":42,"column":25},"end":{"line":53,"column":7}}},"3":{"name":"(anonymous_10)","decl":{"start":{"line":44,"column":43},"end":{"line":44,"column":44}},"loc":{"start":{"line":44,"column":58},"end":{"line":49,"column":9}}},"4":{"name":"(anonymous_11)","decl":{"start":{"line":54,"column":13},"end":{"line":54,"column":16}},"loc":{"start":{"line":54,"column":18},"end":{"line":57,"column":7}}},"5":{"name":"(anonymous_12)","decl":{"start":{"line":70,"column":28},"end":{"line":70,"column":29}},"loc":{"start":{"line":70,"column":61},"end":{"line":79,"column":15}}},"6":{"name":"(anonymous_13)","decl":{"start":{"line":77,"column":35},"end":{"line":77,"column":36}},"loc":{"start":{"line":77,"column":42},"end":{"line":77,"column":74}}},"7":{"name":"(anonymous_14)","decl":{"start":{"line":82,"column":31},"end":{"line":82,"column":32}},"loc":{"start":{"line":82,"column":46},"end":{"line":105,"column":13}}},"8":{"name":"(anonymous_15)","decl":{"start":{"line":91,"column":30},"end":{"line":91,"column":33}},"loc":{"start":{"line":91,"column":35},"end":{"line":94,"column":19}}},"9":{"name":"(anonymous_16)","decl":{"start":{"line":95,"column":35},"end":{"line":95,"column":38}},"loc":{"start":{"line":95,"column":40},"end":{"line":98,"column":19}}},"10":{"name":"(anonymous_17)","decl":{"start":{"line":99,"column":36},"end":{"line":99,"column":39}},"loc":{"start":{"line":99,"column":41},"end":{"line":102,"column":19}}}},"branchMap":{"0":{"loc":{"start":{"line":60,"column":4},"end":{"line":60,"column":15}},"type":"cond-expr","locations":[{"start":{"line":60,"column":4},"end":{"line":60,"column":15}},{"start":{"line":62,"column":4},"end":{"line":120,"column":null}}]},"1":{"loc":{"start":{"line":67,"column":10},"end":{"line":111,"column":null}},"type":"cond-expr","locations":[{"start":{"line":67,"column":10},"end":{"line":111,"column":null}},{"start":{"line":113,"column":12},"end":{"line":113,"column":16}}]},"2":{"loc":{"start":{"line":76,"column":22},"end":{"line":76,"column":27}},"type":"cond-expr","locations":[{"start":{"line":76,"column":22},"end":{"line":76,"column":27}},{"start":{"line":77,"column":22},"end":{"line":77,"column":75}}]},"3":{"loc":{"start":{"line":107,"column":14},"end":{"line":109,"column":null}},"type":"cond-expr","locations":[{"start":{"line":107,"column":14},"end":{"line":109,"column":null}},{"start":{"line":111,"column":16},"end":{"line":111,"column":20}}]},"4":{"loc":{"start":{"line":115,"column":10},"end":{"line":117,"column":null}},"type":"cond-expr","locations":[{"start":{"line":115,"column":10},"end":{"line":117,"column":null}},{"start":{"line":119,"column":12},"end":{"line":119,"column":16}}]}},"s":{"0":2,"1":2,"2":2,"3":2,"4":2,"5":2,"6":2,"7":63,"8":63,"9":63,"10":63,"11":63,"12":63,"13":8,"14":8,"15":8,"16":32,"17":8,"18":8,"19":8,"20":0,"21":0,"22":63,"23":4,"24":4,"25":12,"26":144,"27":14,"28":14,"29":4,"30":4,"31":4,"32":4,"33":2},"f":{"0":63,"1":8,"2":8,"3":32,"4":0,"5":4,"6":12,"7":144,"8":14,"9":4,"10":4},"b":{"0":[25,38],"1":[38,0],"2":[1,3],"3":[38,0],"4":[0,38]}}
,"/Users/ashleyhopkins/CODE/ASH/PLT/shoppingBasket/src/theme/colors.js": {"data":{"path":"/Users/ashleyhopkins/CODE/ASH/PLT/shoppingBasket/src/theme/colors.js","statementMap":{"0":{"start":{"line":1,"column":13},"end":{"line":1,"column":75}},"1":{"start":{"line":1,"column":75},"end":{"line":1,"column":138}},"2":{"start":{"line":1,"column":154},"end":{"line":1,"column":163}},"3":{"start":{"line":1,"column":164},"end":{"line":1,"column":194}},"4":{"start":{"line":2,"column":16},"end":{"line":2,"column":25}},"5":{"start":{"line":2,"column":26},"end":{"line":2,"column":56}},"6":{"start":{"line":3,"column":12},"end":{"line":3,"column":18}},"7":{"start":{"line":3,"column":19},"end":{"line":3,"column":41}}},"fnMap":{},"branchMap":{},"s":{"0":11,"1":11,"2":11,"3":11,"4":11,"5":11,"6":11,"7":11},"f":{},"b":{},"_coverageSchema":"43e27e138ebf9cfc5966b082cf9a028302ed4184","hash":"f180ce4c9578baab377faec66ba320a1b6d56a59"}}
,"/Users/ashleyhopkins/CODE/ASH/PLT/shoppingBasket/src/utils/index.tsx": {"path":"/Users/ashleyhopkins/CODE/ASH/PLT/shoppingBasket/src/utils/index.tsx","statementMap":{"0":{"start":{"line":1,"column":0},"end":{"line":1,"column":48}},"1":{"start":{"line":5,"column":13},"end":{"line":9,"column":2}},"2":{"start":{"line":6,"column":25},"end":{"line":6,"column":75}},"3":{"start":{"line":6,"column":60},"end":{"line":6,"column":74}},"4":{"start":{"line":8,"column":2},"end":{"line":8,"column":18}},"5":{"start":{"line":12,"column":13},"end":{"line":26,"column":2}},"6":{"start":{"line":13,"column":24},"end":{"line":13,"column":76}},"7":{"start":{"line":13,"column":56},"end":{"line":13,"column":75}},"8":{"start":{"line":14,"column":17},"end":{"line":14,"column":33}},"9":{"start":{"line":16,"column":2},"end":{"line":23,"column":null}},"10":{"start":{"line":17,"column":4},"end":{"line":17,"column":60}},"11":{"start":{"line":20,"column":26},"end":{"line":20,"column":37}},"12":{"start":{"line":21,"column":4},"end":{"line":21,"column":44}},"13":{"start":{"line":22,"column":4},"end":{"line":22,"column":41}},"14":{"start":{"line":25,"column":2},"end":{"line":25,"column":18}},"15":{"start":{"line":29,"column":13},"end":{"line":41,"column":2}},"16":{"start":{"line":30,"column":24},"end":{"line":30,"column":76}},"17":{"start":{"line":30,"column":56},"end":{"line":30,"column":75}},"18":{"start":{"line":31,"column":17},"end":{"line":31,"column":33}},"19":{"start":{"line":34,"column":2},"end":{"line":38,"column":null}},"20":{"start":{"line":35,"column":4},"end":{"line":35,"column":44}},"21":{"start":{"line":37,"column":4},"end":{"line":37,"column":60}},"22":{"start":{"line":40,"column":2},"end":{"line":40,"column":18}},"23":{"start":{"line":44,"column":13},"end":{"line":46,"column":2}},"24":{"start":{"line":45,"column":2},"end":{"line":45,"column":50}},"25":{"start":{"line":49,"column":13},"end":{"line":55,"column":2}},"26":{"start":{"line":50,"column":16},"end":{"line":52,"column":null}},"27":{"start":{"line":51,"column":19},"end":{"line":51,"column":50}},"28":{"start":{"line":54,"column":2},"end":{"line":54,"column":39}},"29":{"start":{"line":58,"column":13},"end":{"line":61,"column":2}},"30":{"start":{"line":59,"column":16},"end":{"line":59,"column":74}},"31":{"start":{"line":59,"column":50},"end":{"line":59,"column":69}},"32":{"start":{"line":60,"column":2},"end":{"line":60,"column":39}},"33":{"start":{"line":64,"column":13},"end":{"line":67,"column":2}},"34":{"start":{"line":65,"column":15},"end":{"line":65,"column":57}},"35":{"start":{"line":65,"column":42},"end":{"line":65,"column":56}},"36":{"start":{"line":66,"column":2},"end":{"line":66,"column":34}},"37":{"start":{"line":70,"column":13},"end":{"line":77,"column":2}},"38":{"start":{"line":71,"column":2},"end":{"line":76,"column":4}},"39":{"start":{"line":74,"column":34},"end":{"line":74,"column":59}}},"fnMap":{"0":{"name":"(anonymous_0)","decl":{"start":{"line":5,"column":26},"end":{"line":5,"column":27}},"loc":{"start":{"line":5,"column":75},"end":{"line":9,"column":1}}},"1":{"name":"(anonymous_1)","decl":{"start":{"line":6,"column":44},"end":{"line":6,"column":45}},"loc":{"start":{"line":6,"column":60},"end":{"line":6,"column":74}}},"2":{"name":"(anonymous_2)","decl":{"start":{"line":12,"column":25},"end":{"line":12,"column":26}},"loc":{"start":{"line":12,"column":74},"end":{"line":26,"column":1}}},"3":{"name":"(anonymous_3)","decl":{"start":{"line":13,"column":46},"end":{"line":13,"column":47}},"loc":{"start":{"line":13,"column":56},"end":{"line":13,"column":75}}},"4":{"name":"(anonymous_4)","decl":{"start":{"line":29,"column":25},"end":{"line":29,"column":26}},"loc":{"start":{"line":29,"column":74},"end":{"line":41,"column":1}}},"5":{"name":"(anonymous_5)","decl":{"start":{"line":30,"column":46},"end":{"line":30,"column":47}},"loc":{"start":{"line":30,"column":56},"end":{"line":30,"column":75}}},"6":{"name":"(anonymous_6)","decl":{"start":{"line":44,"column":30},"end":{"line":44,"column":31}},"loc":{"start":{"line":44,"column":46},"end":{"line":46,"column":1}}},"7":{"name":"(anonymous_7)","decl":{"start":{"line":49,"column":25},"end":{"line":49,"column":26}},"loc":{"start":{"line":49,"column":57},"end":{"line":55,"column":1}}},"8":{"name":"(anonymous_8)","decl":{"start":{"line":51,"column":4},"end":{"line":51,"column":5}},"loc":{"start":{"line":51,"column":19},"end":{"line":51,"column":50}}},"9":{"name":"(anonymous_9)","decl":{"start":{"line":58,"column":29},"end":{"line":58,"column":30}},"loc":{"start":{"line":58,"column":61},"end":{"line":61,"column":1}}},"10":{"name":"(anonymous_10)","decl":{"start":{"line":59,"column":35},"end":{"line":59,"column":36}},"loc":{"start":{"line":59,"column":50},"end":{"line":59,"column":69}}},"11":{"name":"(anonymous_11)","decl":{"start":{"line":64,"column":27},"end":{"line":64,"column":28}},"loc":{"start":{"line":64,"column":71},"end":{"line":67,"column":1}}},"12":{"name":"(anonymous_12)","decl":{"start":{"line":65,"column":32},"end":{"line":65,"column":33}},"loc":{"start":{"line":65,"column":42},"end":{"line":65,"column":56}}},"13":{"name":"(anonymous_13)","decl":{"start":{"line":70,"column":21},"end":{"line":70,"column":24}},"loc":{"start":{"line":70,"column":26},"end":{"line":77,"column":1}}},"14":{"name":"(anonymous_14)","decl":{"start":{"line":74,"column":28},"end":{"line":74,"column":31}},"loc":{"start":{"line":74,"column":34},"end":{"line":74,"column":59}}}},"branchMap":{"0":{"loc":{"start":{"line":16,"column":2},"end":{"line":23,"column":null}},"type":"if","locations":[{"start":{"line":16,"column":2},"end":{"line":23,"column":null}},{"start":{"line":16,"column":2},"end":{"line":23,"column":null}}]},"1":{"loc":{"start":{"line":34,"column":2},"end":{"line":38,"column":null}},"type":"if","locations":[{"start":{"line":34,"column":2},"end":{"line":38,"column":null}},{"start":{"line":34,"column":2},"end":{"line":38,"column":null}}]},"2":{"loc":{"start":{"line":34,"column":6},"end":{"line":34,"column":18}},"type":"binary-expr","locations":[{"start":{"line":34,"column":6},"end":{"line":34,"column":18}},{"start":{"line":34,"column":22},"end":{"line":34,"column":54}}]},"3":{"loc":{"start":{"line":66,"column":16},"end":{"line":66,"column":29}},"type":"cond-expr","locations":[{"start":{"line":66,"column":16},"end":{"line":66,"column":29}},{"start":{"line":66,"column":32},"end":{"line":66,"column":33}}]}},"s":{"0":3,"1":3,"2":10,"3":26,"4":10,"5":3,"6":16,"7":36,"8":16,"9":16,"10":7,"11":9,"12":9,"13":9,"14":16,"15":3,"16":6,"17":6,"18":6,"19":6,"20":5,"21":1,"22":1,"23":3,"24":81,"25":3,"26":39,"27":55,"28":39,"29":3,"30":39,"31":55,"32":39,"33":3,"34":146,"35":157,"36":146,"37":3,"38":1,"39":0},"f":{"0":10,"1":26,"2":16,"3":36,"4":6,"5":6,"6":81,"7":39,"8":55,"9":39,"10":55,"11":146,"12":157,"13":1,"14":0},"b":{"0":[7,9],"1":[5,1],"2":[6,6],"3":[53,93]}}
}
