{"/Users/ashleyhopkins/CODE/ASH/PLT/shoppingBasket/src/utils/index.tsx": {"path":"/Users/ashleyhopkins/CODE/ASH/PLT/shoppingBasket/src/utils/index.tsx","statementMap":{"0":{"start":{"line":5,"column":13},"end":{"line":9,"column":2}},"1":{"start":{"line":6,"column":25},"end":{"line":6,"column":75}},"2":{"start":{"line":6,"column":60},"end":{"line":6,"column":74}},"3":{"start":{"line":8,"column":2},"end":{"line":8,"column":18}},"4":{"start":{"line":11,"column":13},"end":{"line":25,"column":2}},"5":{"start":{"line":12,"column":24},"end":{"line":12,"column":76}},"6":{"start":{"line":12,"column":56},"end":{"line":12,"column":75}},"7":{"start":{"line":13,"column":17},"end":{"line":13,"column":33}},"8":{"start":{"line":15,"column":2},"end":{"line":22,"column":null}},"9":{"start":{"line":16,"column":4},"end":{"line":16,"column":60}},"10":{"start":{"line":19,"column":26},"end":{"line":19,"column":37}},"11":{"start":{"line":20,"column":4},"end":{"line":20,"column":44}},"12":{"start":{"line":21,"column":4},"end":{"line":21,"column":41}},"13":{"start":{"line":24,"column":2},"end":{"line":24,"column":18}},"14":{"start":{"line":27,"column":13},"end":{"line":40,"column":2}},"15":{"start":{"line":28,"column":24},"end":{"line":28,"column":76}},"16":{"start":{"line":28,"column":56},"end":{"line":28,"column":75}},"17":{"start":{"line":29,"column":17},"end":{"line":29,"column":33}},"18":{"start":{"line":32,"column":2},"end":{"line":38,"column":null}},"19":{"start":{"line":33,"column":4},"end":{"line":33,"column":25}},"20":{"start":{"line":35,"column":4},"end":{"line":35,"column":44}},"21":{"start":{"line":37,"column":4},"end":{"line":37,"column":60}},"22":{"start":{"line":39,"column":2},"end":{"line":39,"column":18}},"23":{"start":{"line":43,"column":13},"end":{"line":45,"column":2}},"24":{"start":{"line":44,"column":2},"end":{"line":44,"column":50}},"25":{"start":{"line":47,"column":13},"end":{"line":53,"column":2}},"26":{"start":{"line":48,"column":16},"end":{"line":50,"column":null}},"27":{"start":{"line":49,"column":19},"end":{"line":49,"column":50}},"28":{"start":{"line":52,"column":2},"end":{"line":52,"column":39}},"29":{"start":{"line":55,"column":13},"end":{"line":58,"column":2}},"30":{"start":{"line":56,"column":16},"end":{"line":56,"column":74}},"31":{"start":{"line":56,"column":50},"end":{"line":56,"column":69}},"32":{"start":{"line":57,"column":2},"end":{"line":57,"column":39}},"33":{"start":{"line":60,"column":13},"end":{"line":63,"column":2}},"34":{"start":{"line":61,"column":15},"end":{"line":61,"column":57}},"35":{"start":{"line":61,"column":42},"end":{"line":61,"column":56}},"36":{"start":{"line":62,"column":2},"end":{"line":62,"column":34}}},"fnMap":{"0":{"name":"(anonymous_0)","decl":{"start":{"line":5,"column":26},"end":{"line":5,"column":27}},"loc":{"start":{"line":5,"column":75},"end":{"line":9,"column":1}}},"1":{"name":"(anonymous_1)","decl":{"start":{"line":6,"column":44},"end":{"line":6,"column":45}},"loc":{"start":{"line":6,"column":60},"end":{"line":6,"column":74}}},"2":{"name":"(anonymous_2)","decl":{"start":{"line":11,"column":25},"end":{"line":11,"column":26}},"loc":{"start":{"line":11,"column":74},"end":{"line":25,"column":1}}},"3":{"name":"(anonymous_3)","decl":{"start":{"line":12,"column":46},"end":{"line":12,"column":47}},"loc":{"start":{"line":12,"column":56},"end":{"line":12,"column":75}}},"4":{"name":"(anonymous_4)","decl":{"start":{"line":27,"column":25},"end":{"line":27,"column":26}},"loc":{"start":{"line":27,"column":74},"end":{"line":40,"column":1}}},"5":{"name":"(anonymous_5)","decl":{"start":{"line":28,"column":46},"end":{"line":28,"column":47}},"loc":{"start":{"line":28,"column":56},"end":{"line":28,"column":75}}},"6":{"name":"(anonymous_6)","decl":{"start":{"line":43,"column":30},"end":{"line":43,"column":31}},"loc":{"start":{"line":43,"column":46},"end":{"line":45,"column":1}}},"7":{"name":"(anonymous_7)","decl":{"start":{"line":47,"column":25},"end":{"line":47,"column":26}},"loc":{"start":{"line":47,"column":57},"end":{"line":53,"column":1}}},"8":{"name":"(anonymous_8)","decl":{"start":{"line":49,"column":4},"end":{"line":49,"column":5}},"loc":{"start":{"line":49,"column":19},"end":{"line":49,"column":50}}},"9":{"name":"(anonymous_9)","decl":{"start":{"line":55,"column":29},"end":{"line":55,"column":30}},"loc":{"start":{"line":55,"column":61},"end":{"line":58,"column":1}}},"10":{"name":"(anonymous_10)","decl":{"start":{"line":56,"column":35},"end":{"line":56,"column":36}},"loc":{"start":{"line":56,"column":50},"end":{"line":56,"column":69}}},"11":{"name":"(anonymous_11)","decl":{"start":{"line":60,"column":27},"end":{"line":60,"column":28}},"loc":{"start":{"line":60,"column":71},"end":{"line":63,"column":1}}},"12":{"name":"(anonymous_12)","decl":{"start":{"line":61,"column":32},"end":{"line":61,"column":33}},"loc":{"start":{"line":61,"column":42},"end":{"line":61,"column":56}}}},"branchMap":{"0":{"loc":{"start":{"line":15,"column":2},"end":{"line":22,"column":null}},"type":"if","locations":[{"start":{"line":15,"column":2},"end":{"line":22,"column":null}},{"start":{"line":15,"column":2},"end":{"line":22,"column":null}}]},"1":{"loc":{"start":{"line":32,"column":2},"end":{"line":38,"column":null}},"type":"if","locations":[{"start":{"line":32,"column":2},"end":{"line":38,"column":null}},{"start":{"line":32,"column":2},"end":{"line":38,"column":null}}]},"2":{"loc":{"start":{"line":32,"column":6},"end":{"line":32,"column":18}},"type":"binary-expr","locations":[{"start":{"line":32,"column":6},"end":{"line":32,"column":18}},{"start":{"line":32,"column":22},"end":{"line":32,"column":54}}]},"3":{"loc":{"start":{"line":62,"column":16},"end":{"line":62,"column":29}},"type":"cond-expr","locations":[{"start":{"line":62,"column":16},"end":{"line":62,"column":29}},{"start":{"line":62,"column":32},"end":{"line":62,"column":33}}]}},"s":{"0":1,"1":2,"2":6,"3":2,"4":1,"5":2,"6":4,"7":2,"8":2,"9":1,"10":1,"11":1,"12":1,"13":2,"14":1,"15":2,"16":2,"17":2,"18":2,"19":1,"20":1,"21":1,"22":1,"23":1,"24":5,"25":1,"26":1,"27":3,"28":1,"29":1,"30":1,"31":3,"32":1,"33":1,"34":2,"35":2,"36":2},"f":{"0":2,"1":6,"2":2,"3":4,"4":2,"5":2,"6":5,"7":1,"8":3,"9":1,"10":3,"11":2,"12":2},"b":{"0":[1,1],"1":[1,1],"2":[2,2],"3":[1,1]}}
}
