TN:
SF:/Users/ashleyhopkins/CODE/ASH/PLT/shoppingBasket/src/config.js
FNF:0
FNH:0
DA:1,2
DA:2,2
LF:2
LH:2
BRF:0
BRH:0
end_of_record
TN:
SF:/Users/ashleyhopkins/CODE/ASH/PLT/shoppingBasket/src/app/App.tsx
FN:14,(anonymous_1)
FNF:1
FNH:1
FNDA:1,(anonymous_1)
DA:11,1
DA:12,1
DA:14,1
DA:15,1
DA:18,1
LF:5
LH:5
BRF:0
BRH:0
end_of_record
TN:
SF:/Users/ashleyhopkins/CODE/ASH/PLT/shoppingBasket/src/components/AddRemoveButtons.tsx
FN:12,(anonymous_1)
FNF:1
FNH:1
FNDA:1,(anonymous_1)
DA:1,11
DA:2,11
DA:3,11
DA:12,11
DA:13,1
DA:14,1
DA:15,1
DA:27,11
DA:41,11
LF:9
LH:9
BRF:0
BRH:0
end_of_record
TN:
SF:/Users/ashleyhopkins/CODE/ASH/PLT/shoppingBasket/src/components/Icon.tsx
FN:10,(anonymous_1)
FNF:1
FNH:1
FNDA:1,(anonymous_1)
DA:1,11
DA:2,11
DA:3,11
DA:10,11
DA:11,1
DA:12,1
DA:13,1
DA:20,11
DA:34,11
LF:9
LH:9
BRF:0
BRH:0
end_of_record
TN:
SF:/Users/ashleyhopkins/CODE/ASH/PLT/shoppingBasket/src/components/Picker.tsx
FN:12,(anonymous_1)
FNF:1
FNH:1
FNDA:1,(anonymous_1)
DA:1,11
DA:2,11
DA:3,11
DA:5,11
DA:12,11
DA:13,1
DA:20,1
DA:21,1
DA:42,11
DA:63,11
LF:10
LH:10
BRF:0
BRH:0
end_of_record
TN:
SF:/Users/ashleyhopkins/CODE/ASH/PLT/shoppingBasket/src/components/ProductCard.tsx
FN:17,(anonymous_1)
FNF:1
FNH:1
FNDA:1,(anonymous_1)
DA:1,11
DA:2,11
DA:3,11
DA:4,11
DA:17,11
DA:26,1
DA:33,1
DA:34,1
DA:60,11
DA:86,11
LF:10
LH:10
BRF:0
BRH:0
end_of_record
TN:
SF:/Users/ashleyhopkins/CODE/ASH/PLT/shoppingBasket/src/components/Spinner.tsx
FN:5,(anonymous_1)
FNF:1
FNH:1
FNDA:1,(anonymous_1)
DA:1,11
DA:2,11
DA:3,11
DA:5,11
DA:6,1
DA:7,1
DA:14,11
DA:21,11
LF:8
LH:8
BRF:0
BRH:0
end_of_record
TN:
SF:/Users/ashleyhopkins/CODE/ASH/PLT/shoppingBasket/src/components/SquareButton.tsx
FN:11,(anonymous_1)
FNF:1
FNH:1
FNDA:1,(anonymous_1)
DA:1,11
DA:2,11
DA:3,11
DA:4,11
DA:11,11
DA:12,1
DA:13,1
DA:14,1
DA:21,11
DA:32,11
LF:10
LH:10
BRF:0
BRH:0
end_of_record
TN:
SF:/Users/ashleyhopkins/CODE/ASH/PLT/shoppingBasket/src/components/TextButton.tsx
FN:9,(anonymous_1)
FNF:1
FNH:1
FNDA:1,(anonymous_1)
DA:1,11
DA:2,11
DA:9,11
DA:10,1
DA:11,1
DA:12,1
DA:19,11
DA:25,11
LF:8
LH:8
BRF:0
BRH:0
end_of_record
TN:
SF:/Users/ashleyhopkins/CODE/ASH/PLT/shoppingBasket/src/components/TotalAmount.tsx
FN:10,(anonymous_1)
FNF:1
FNH:1
FNDA:1,(anonymous_1)
DA:1,11
DA:2,11
DA:3,11
DA:10,11
DA:11,1
DA:18,1
DA:19,1
DA:33,11
DA:58,11
LF:9
LH:9
BRF:0
BRH:0
end_of_record
TN:
SF:/Users/ashleyhopkins/CODE/ASH/PLT/shoppingBasket/src/components/index.js
FN:1,(anonymous_0)
FN:1,get
FN:2,(anonymous_2)
FN:2,get
FN:3,(anonymous_4)
FN:3,get
FN:4,(anonymous_6)
FN:4,get
FN:5,(anonymous_8)
FN:5,get
FN:6,(anonymous_10)
FN:6,get
FN:7,(anonymous_12)
FN:7,get
FN:8,(anonymous_14)
FN:8,get
FNF:16
FNH:16
FNDA:11,(anonymous_0)
FNDA:3,get
FNDA:11,(anonymous_2)
FNDA:3,get
FNDA:11,(anonymous_4)
FNDA:40,get
FNDA:11,(anonymous_6)
FNDA:146,get
FNDA:11,(anonymous_8)
FNDA:27,get
FNDA:11,(anonymous_10)
FNDA:4,get
FNDA:11,(anonymous_12)
FNDA:3,get
FNDA:11,(anonymous_14)
FNDA:40,get
DA:1,11
DA:2,11
DA:3,40
DA:4,146
DA:5,27
DA:6,11
DA:7,11
DA:8,40
LF:8
LH:8
BRDA:1,0,0,0
BRDA:1,0,1,11
BRDA:1,1,0,11
BRDA:1,1,1,11
BRDA:2,2,0,0
BRDA:2,2,1,11
BRDA:2,3,0,11
BRDA:2,3,1,11
BRDA:3,4,0,0
BRDA:3,4,1,11
BRDA:3,5,0,11
BRDA:3,5,1,11
BRDA:4,6,0,0
BRDA:4,6,1,11
BRDA:4,7,0,11
BRDA:4,7,1,11
BRDA:5,8,0,0
BRDA:5,8,1,11
BRDA:5,9,0,11
BRDA:5,9,1,11
BRDA:6,10,0,0
BRDA:6,10,1,11
BRDA:6,11,0,11
BRDA:6,11,1,11
BRDA:7,12,0,0
BRDA:7,12,1,11
BRDA:7,13,0,11
BRDA:7,13,1,11
BRDA:8,14,0,0
BRDA:8,14,1,11
BRDA:8,15,0,11
BRDA:8,15,1,11
BRF:32
BRH:24
end_of_record
TN:
SF:/Users/ashleyhopkins/CODE/ASH/PLT/shoppingBasket/src/screens/Home.tsx
FN:31,(anonymous_7)
FN:39,(anonymous_8)
FN:42,(anonymous_9)
FN:44,(anonymous_10)
FN:54,(anonymous_11)
FN:70,(anonymous_12)
FN:77,(anonymous_13)
FN:82,(anonymous_14)
FN:91,(anonymous_15)
FN:95,(anonymous_16)
FN:99,(anonymous_17)
FNF:11
FNH:10
FNDA:63,(anonymous_7)
FNDA:8,(anonymous_8)
FNDA:8,(anonymous_9)
FNDA:32,(anonymous_10)
FNDA:0,(anonymous_11)
FNDA:4,(anonymous_12)
FNDA:12,(anonymous_13)
FNDA:144,(anonymous_14)
FNDA:14,(anonymous_15)
FNDA:4,(anonymous_16)
FNDA:4,(anonymous_17)
DA:11,2
DA:12,2
DA:13,2
DA:14,2
DA:15,2
DA:16,2
DA:31,2
DA:32,63
DA:33,63
DA:34,63
DA:35,63
DA:36,63
DA:39,63
DA:40,8
DA:43,8
DA:44,8
DA:45,32
DA:50,8
DA:51,8
DA:52,8
DA:55,0
DA:56,0
DA:59,63
DA:71,4
DA:74,4
DA:77,12
DA:83,144
DA:92,14
DA:93,14
DA:96,4
DA:97,4
DA:100,4
DA:101,4
DA:125,2
LF:34
LH:32
BRDA:60,0,0,25
BRDA:60,0,1,38
BRDA:67,1,0,38
BRDA:67,1,1,0
BRDA:76,2,0,1
BRDA:76,2,1,3
BRDA:107,3,0,38
BRDA:107,3,1,0
BRDA:115,4,0,0
BRDA:115,4,1,38
BRF:10
BRH:7
end_of_record
TN:
SF:/Users/ashleyhopkins/CODE/ASH/PLT/shoppingBasket/src/theme/colors.js
FNF:0
FNH:0
DA:1,11
DA:2,11
DA:3,11
LF:3
LH:3
BRF:0
BRH:0
end_of_record
TN:
SF:/Users/ashleyhopkins/CODE/ASH/PLT/shoppingBasket/src/utils/index.tsx
FN:5,(anonymous_0)
FN:6,(anonymous_1)
FN:12,(anonymous_2)
FN:13,(anonymous_3)
FN:29,(anonymous_4)
FN:30,(anonymous_5)
FN:44,(anonymous_6)
FN:49,(anonymous_7)
FN:51,(anonymous_8)
FN:58,(anonymous_9)
FN:59,(anonymous_10)
FN:64,(anonymous_11)
FN:65,(anonymous_12)
FN:70,(anonymous_13)
FN:74,(anonymous_14)
FNF:15
FNH:14
FNDA:10,(anonymous_0)
FNDA:26,(anonymous_1)
FNDA:16,(anonymous_2)
FNDA:36,(anonymous_3)
FNDA:6,(anonymous_4)
FNDA:6,(anonymous_5)
FNDA:81,(anonymous_6)
FNDA:39,(anonymous_7)
FNDA:55,(anonymous_8)
FNDA:39,(anonymous_9)
FNDA:55,(anonymous_10)
FNDA:146,(anonymous_11)
FNDA:157,(anonymous_12)
FNDA:1,(anonymous_13)
FNDA:0,(anonymous_14)
DA:1,3
DA:5,3
DA:6,26
DA:8,10
DA:12,3
DA:13,36
DA:14,16
DA:16,16
DA:17,7
DA:20,9
DA:21,9
DA:22,9
DA:25,16
DA:29,3
DA:30,6
DA:31,6
DA:34,6
DA:35,5
DA:37,1
DA:40,1
DA:44,3
DA:45,81
DA:49,3
DA:50,39
DA:51,55
DA:54,39
DA:58,3
DA:59,55
DA:60,39
DA:64,3
DA:65,157
DA:66,146
DA:70,3
DA:71,1
DA:74,0
LF:35
LH:34
BRDA:16,0,0,7
BRDA:16,0,1,9
BRDA:34,1,0,5
BRDA:34,1,1,1
BRDA:34,2,0,6
BRDA:34,2,1,6
BRDA:66,3,0,53
BRDA:66,3,1,93
BRF:8
BRH:8
end_of_record
