TN:
SF:src/utils/index.tsx
FN:5,(anonymous_0)
FN:6,(anonymous_1)
FN:11,(anonymous_2)
FN:12,(anonymous_3)
FN:27,(anonymous_4)
FN:28,(anonymous_5)
FN:43,(anonymous_6)
FN:47,(anonymous_7)
FN:49,(anonymous_8)
FN:55,(anonymous_9)
FN:56,(anonymous_10)
FN:60,(anonymous_11)
FN:61,(anonymous_12)
FNF:13
FNH:13
FNDA:2,(anonymous_0)
FNDA:6,(anonymous_1)
FNDA:2,(anonymous_2)
FNDA:4,(anonymous_3)
FNDA:2,(anonymous_4)
FNDA:2,(anonymous_5)
FNDA:5,(anonymous_6)
FNDA:1,(anonymous_7)
FNDA:3,(anonymous_8)
FNDA:1,(anonymous_9)
FNDA:3,(anonymous_10)
FNDA:2,(anonymous_11)
FNDA:2,(anonymous_12)
DA:5,1
DA:6,6
DA:8,2
DA:11,1
DA:12,4
DA:13,2
DA:15,2
DA:16,1
DA:19,1
DA:20,1
DA:21,1
DA:24,2
DA:27,1
DA:28,2
DA:29,2
DA:32,2
DA:33,1
DA:35,1
DA:37,1
DA:39,1
DA:43,1
DA:44,5
DA:47,1
DA:48,1
DA:49,3
DA:52,1
DA:55,1
DA:56,3
DA:57,1
DA:60,1
DA:61,2
DA:62,2
LF:32
LH:32
BRDA:15,0,0,1
BRDA:15,0,1,1
BRDA:32,1,0,1
BRDA:32,1,1,1
BRDA:32,2,0,2
BRDA:32,2,1,2
BRDA:62,3,0,1
BRDA:62,3,1,1
BRF:8
BRH:8
end_of_record
